<?xml version="1.0" encoding="UTF-8"?>
<!-- Generated by org.testng.reporters.JUnitReportReporter -->
<testsuite skipped="0" hostname="azstorageexp" name="tests.RegisterTest" tests="1" failures="0" timestamp="11 Feb 2020 15:43:03 GMT" time="2.897" errors="0">
  <testcase name="register" time="2.897" classname="tests.RegisterTest"/>
</testsuite> <!-- tests.RegisterTest -->
