<?xml version="1.0" encoding="UTF-8"?>
<!-- Generated by org.testng.reporters.JUnitReportReporter -->
<testsuite skipped="0" hostname="azstorageexp" name="serviceTests.AddToCartTest" tests="8" failures="0" timestamp="16 Feb 2020 11:18:55 GMT" time="3.167" errors="0">
  <testcase name="oAuthTokenService" time="1.718" classname="serviceTests.AddToCartTest"/>
  <testcase name="signInUsingService" time="0.293" classname="serviceTests.AddToCartTest"/>
  <testcase name="searchSofaService" time="0.552" classname="serviceTests.AddToCartTest"/>
  <testcase name="getProductDetailsService" time="0.126" classname="serviceTests.AddToCartTest"/>
  <testcase name="addProductToCart" time="0.110" classname="serviceTests.AddToCartTest"/>
  <testcase name="reviewCart" time="0.138" classname="serviceTests.AddToCartTest"/>
  <testcase name="updateCart" time="0.101" classname="serviceTests.AddToCartTest"/>
  <testcase name="deleteFromCart" time="0.129" classname="serviceTests.AddToCartTest"/>
</testsuite> <!-- serviceTests.AddToCartTest -->
