<?xml version="1.0" encoding="UTF-8"?>
<!-- Generated by org.testng.reporters.JUnitReportReporter -->
<testsuite skipped="0" hostname="azstorageexp" name="tests.RegisterTest" tests="1" failures="0" timestamp="05 Feb 2020 17:35:49 GMT" time="106.391" errors="1">
  <testcase name="register" time="106.391" classname="tests.RegisterTest">
    <error type="java.lang.StackOverflowError">
      <![CDATA[java.lang.StackOverflowError
at java.lang.String.startsWith(Unknown Source)
at sun.net.www.protocol.jar.Handler.parseContextSpec(Unknown Source)
at sun.net.www.protocol.jar.Handler.parseURL(Unknown Source)
at java.net.URL.<init>(Unknown Source)
at java.net.URL.<init>(Unknown Source)
at sun.misc.URLClassPath$JarLoader.checkResource(Unknown Source)
at sun.misc.URLClassPath$JarLoader.getResource(Unknown Source)
at sun.misc.URLClassPath.getResource(Unknown Source)
at java.net.URLClassLoader$1.run(Unknown Source)
at java.net.URLClassLoader$1.run(Unknown Source)
at java.security.AccessController.doPrivileged(Native Method)
at java.net.URLClassLoader.findClass(Unknown Source)
at java.lang.ClassLoader.loadClass(Unknown Source)
at sun.misc.Launcher$AppClassLoader.loadClass(Unknown Source)
at java.lang.ClassLoader.loadClass(Unknown Source)
at org.openqa.selenium.support.ui.FluentWait.propagateIfNotIgnored(FluentWait.java:301)
at org.openqa.selenium.support.ui.FluentWait.until(FluentWait.java:270)
at utils.BasePage.waitForElement(BasePage.java:25)
at utils.BasePage.moveToElement(BasePage.java:105)
at utils.BasePage.waitForElement(BasePage.java:26)
at utils.BasePage.moveToElement(BasePage.java:105)
at utils.BasePage.waitForElement(BasePage.java:26)
at utils.BasePage.moveToElement(BasePage.java:105)
at utils.BasePage.waitForElement(BasePage.java:26)
at utils.BasePage.moveToElement(BasePage.java:105)
at utils.BasePage.waitForElement(BasePage.java:26)
at utils.BasePage.moveToElement(BasePage.java:105)
at utils.BasePage.waitForElement(BasePage.java:26)
at utils.BasePage.moveToElement(BasePage.java:105)
at utils.BasePage.waitForElement(BasePage.java:26)
at utils.BasePage.moveToElement(BasePage.java:105)
at utils.BasePage.waitForElement(BasePage.java:26)
at utils.BasePage.moveToElement(BasePage.java:105)
at utils.BasePage.waitForElement(BasePage.java:26)
at utils.BasePage.moveToElement(BasePage.java:105)
at utils.BasePage.waitForElement(BasePage.java:26)
at utils.BasePage.moveToElement(BasePage.java:105)
at utils.BasePage.waitForElement(BasePage.java:26)
at utils.BasePage.moveToElement(BasePage.java:105)
at utils.BasePage.waitForElement(BasePage.java:26)
at utils.BasePage.moveToElement(BasePage.java:105)
at utils.BasePage.waitForElement(BasePage.java:26)
at utils.BasePage.moveToElement(BasePage.java:105)
at utils.BasePage.waitForElement(BasePage.java:26)
at utils.BasePage.moveToElement(BasePage.java:105)
at utils.BasePage.waitForElement(BasePage.java:26)
at utils.BasePage.moveToElement(BasePage.java:105)
at utils.BasePage.waitForElement(BasePage.java:26)
at utils.BasePage.moveToElement(BasePage.java:105)
at utils.BasePage.waitForElement(BasePage.java:26)
at utils.BasePage.moveToElement(BasePage.java:105)
at utils.BasePage.waitForElement(BasePage.java:26)
at utils.BasePage.moveToElement(BasePage.java:105)
at utils.BasePage.waitForElement(BasePage.java:26)
at utils.BasePage.moveToElement(BasePage.java:105)
at utils.BasePage.waitForElement(BasePage.java:26)
at utils.BasePage.moveToElement(BasePage.java:105)
at utils.BasePage.waitForElement(BasePage.java:26)
at utils.BasePage.moveToElement(BasePage.java:105)
at utils.BasePage.waitForElement(BasePage.java:26)
at utils.BasePage.moveToElement(BasePage.java:105)
at utils.BasePage.waitForElement(BasePage.java:26)
at utils.BasePage.moveToElement(BasePage.java:105)
at utils.BasePage.waitForElement(BasePage.java:26)
at utils.BasePage.moveToElement(BasePage.java:105)
at utils.BasePage.waitForElement(BasePage.java:26)
at utils.BasePage.moveToElement(BasePage.java:105)
at utils.BasePage.waitForElement(BasePage.java:26)
at utils.BasePage.moveToElement(BasePage.java:105)
at utils.BasePage.waitForElement(BasePage.java:26)
at utils.BasePage.moveToElement(BasePage.java:105)
at utils.BasePage.waitForElement(BasePage.java:26)
at utils.BasePage.moveToElement(BasePage.java:105)
at utils.BasePage.waitForElement(BasePage.java:26)
at utils.BasePage.moveToElement(BasePage.java:105)
at utils.BasePage.waitForElement(BasePage.java:26)
at utils.BasePage.moveToElement(BasePage.java:105)
at utils.BasePage.waitForElement(BasePage.java:26)
at utils.BasePage.moveToElement(BasePage.java:105)
at utils.BasePage.waitForElement(BasePage.java:26)
at utils.BasePage.moveToElement(BasePage.java:105)
at utils.BasePage.waitForElement(BasePage.java:26)
at utils.BasePage.moveToElement(BasePage.java:105)
at utils.BasePage.waitForElement(BasePage.java:26)
at utils.BasePage.moveToElement(BasePage.java:105)
at utils.BasePage.waitForElement(BasePage.java:26)
at utils.BasePage.moveToElement(BasePage.java:105)
at utils.BasePage.waitForElement(BasePage.java:26)
at utils.BasePage.moveToElement(BasePage.java:105)
at utils.BasePage.waitForElement(BasePage.java:26)
at utils.BasePage.moveToElement(BasePage.java:105)
at utils.BasePage.waitForElement(BasePage.java:26)
at utils.BasePage.moveToElement(BasePage.java:105)
at utils.BasePage.waitForElement(BasePage.java:26)
at utils.BasePage.moveToElement(BasePage.java:105)
at utils.BasePage.waitForElement(BasePage.java:26)
at utils.BasePage.moveToElement(BasePage.java:105)
at utils.BasePage.waitForElement(BasePage.java:26)
at utils.BasePage.moveToElement(BasePage.java:105)
at utils.BasePage.waitForElement(BasePage.java:26)
at utils.BasePage.moveToElement(BasePage.java:105)
at utils.BasePage.waitForElement(BasePage.java:26)
at utils.BasePage.moveToElement(BasePage.java:105)
at utils.BasePage.waitForElement(BasePage.java:26)
at utils.BasePage.moveToElement(BasePage.java:105)
at utils.BasePage.waitForElement(BasePage.java:26)
at utils.BasePage.moveToElement(BasePage.java:105)
at utils.BasePage.waitForElement(BasePage.java:26)
at utils.BasePage.moveToElement(BasePage.java:105)
at utils.BasePage.waitForElement(BasePage.java:26)
at utils.BasePage.moveToElement(BasePage.java:105)
at utils.BasePage.waitForElement(BasePage.java:26)
at utils.BasePage.moveToElement(BasePage.java:105)
at utils.BasePage.waitForElement(BasePage.java:26)
at utils.BasePage.moveToElement(BasePage.java:105)
at utils.BasePage.waitForElement(BasePage.java:26)
at utils.BasePage.moveToElement(BasePage.java:105)
at utils.BasePage.waitForElement(BasePage.java:26)
at utils.BasePage.moveToElement(BasePage.java:105)
at utils.BasePage.waitForElement(BasePage.java:26)
at utils.BasePage.moveToElement(BasePage.java:105)
at utils.BasePage.waitForElement(BasePage.java:26)
at utils.BasePage.moveToElement(BasePage.java:105)
at utils.BasePage.waitForElement(BasePage.java:26)
at utils.BasePage.moveToElement(BasePage.java:105)
at utils.BasePage.waitForElement(BasePage.java:26)
at utils.BasePage.moveToElement(BasePage.java:105)
at utils.BasePage.waitForElement(BasePage.java:26)
at utils.BasePage.moveToElement(BasePage.java:105)
at utils.BasePage.waitForElement(BasePage.java:26)
at utils.BasePage.moveToElement(BasePage.java:105)
at utils.BasePage.waitForElement(BasePage.java:26)
at utils.BasePage.moveToElement(BasePage.java:105)
at utils.BasePage.waitForElement(BasePage.java:26)
at utils.BasePage.moveToElement(BasePage.java:105)
at utils.BasePage.waitForElement(BasePage.java:26)
at utils.BasePage.moveToElement(BasePage.java:105)
at utils.BasePage.waitForElement(BasePage.java:26)
at utils.BasePage.moveToElement(BasePage.java:105)
at utils.BasePage.waitForElement(BasePage.java:26)
at utils.BasePage.moveToElement(BasePage.java:105)
at utils.BasePage.waitForElement(BasePage.java:26)
at utils.BasePage.moveToElement(BasePage.java:105)
at utils.BasePage.waitForElement(BasePage.java:26)
at utils.BasePage.moveToElement(BasePage.java:105)
at utils.BasePage.waitForElement(BasePage.java:26)
at utils.BasePage.moveToElement(BasePage.java:105)
at utils.BasePage.waitForElement(BasePage.java:26)
at utils.BasePage.moveToElement(BasePage.java:105)
at utils.BasePage.waitForElement(BasePage.java:26)
at utils.BasePage.moveToElement(BasePage.java:105)
at utils.BasePage.waitForElement(BasePage.java:26)
at utils.BasePage.moveToElement(BasePage.java:105)
at utils.BasePage.waitForElement(BasePage.java:26)
at utils.BasePage.moveToElement(BasePage.java:105)
at utils.BasePage.waitForElement(BasePage.java:26)
at utils.BasePage.moveToElement(BasePage.java:105)
at utils.BasePage.waitForElement(BasePage.java:26)
at utils.BasePage.moveToElement(BasePage.java:105)
at utils.BasePage.waitForElement(BasePage.java:26)
at utils.BasePage.moveToElement(BasePage.java:105)
at utils.BasePage.waitForElement(BasePage.java:26)
at utils.BasePage.moveToElement(BasePage.java:105)
at utils.BasePage.waitForElement(BasePage.java:26)
at utils.BasePage.moveToElement(BasePage.java:105)
at utils.BasePage.waitForElement(BasePage.java:26)
at utils.BasePage.moveToElement(BasePage.java:105)
at utils.BasePage.waitForElement(BasePage.java:26)
at utils.BasePage.moveToElement(BasePage.java:105)
at utils.BasePage.waitForElement(BasePage.java:26)
at utils.BasePage.moveToElement(BasePage.java:105)
at utils.BasePage.waitForElement(BasePage.java:26)
at utils.BasePage.moveToElement(BasePage.java:105)
at utils.BasePage.waitForElement(BasePage.java:26)
at utils.BasePage.moveToElement(BasePage.java:105)
at utils.BasePage.waitForElement(BasePage.java:26)
at utils.BasePage.moveToElement(BasePage.java:105)
at utils.BasePage.waitForElement(BasePage.java:26)
at utils.BasePage.moveToElement(BasePage.java:105)
at utils.BasePage.waitForElement(BasePage.java:26)
at utils.BasePage.moveToElement(BasePage.java:105)
at utils.BasePage.waitForElement(BasePage.java:26)
at utils.BasePage.moveToElement(BasePage.java:105)
at utils.BasePage.waitForElement(BasePage.java:26)
at utils.BasePage.moveToElement(BasePage.java:105)
at utils.BasePage.waitForElement(BasePage.java:26)
at utils.BasePage.moveToElement(BasePage.java:105)
at utils.BasePage.waitForElement(BasePage.java:26)
at utils.BasePage.moveToElement(BasePage.java:105)
at utils.BasePage.waitForElement(BasePage.java:26)
at utils.BasePage.moveToElement(BasePage.java:105)
at utils.BasePage.waitForElement(BasePage.java:26)
at utils.BasePage.moveToElement(BasePage.java:105)
at utils.BasePage.waitForElement(BasePage.java:26)
at utils.BasePage.moveToElement(BasePage.java:105)
at utils.BasePage.waitForElement(BasePage.java:26)
at utils.BasePage.moveToElement(BasePage.java:105)
at utils.BasePage.waitForElement(BasePage.java:26)
at utils.BasePage.moveToElement(BasePage.java:105)
at utils.BasePage.waitForElement(BasePage.java:26)
at utils.BasePage.moveToElement(BasePage.java:105)
at utils.BasePage.waitForElement(BasePage.java:26)
at utils.BasePage.moveToElement(BasePage.java:105)
at utils.BasePage.waitForElement(BasePage.java:26)
at utils.BasePage.moveToElement(BasePage.java:105)
at utils.BasePage.waitForElement(BasePage.java:26)
at utils.BasePage.moveToElement(BasePage.java:105)
at utils.BasePage.waitForElement(BasePage.java:26)
at utils.BasePage.moveToElement(BasePage.java:105)
at utils.BasePage.waitForElement(BasePage.java:26)
at utils.BasePage.moveToElement(BasePage.java:105)
at utils.BasePage.waitForElement(BasePage.java:26)
at utils.BasePage.moveToElement(BasePage.java:105)
at utils.BasePage.waitForElement(BasePage.java:26)
at utils.BasePage.moveToElement(BasePage.java:105)
at utils.BasePage.waitForElement(BasePage.java:26)
at utils.BasePage.moveToElement(BasePage.java:105)
at utils.BasePage.waitForElement(BasePage.java:26)
at utils.BasePage.moveToElement(BasePage.java:105)
at utils.BasePage.waitForElement(BasePage.java:26)
at utils.BasePage.moveToElement(BasePage.java:105)
at utils.BasePage.waitForElement(BasePage.java:26)
at utils.BasePage.moveToElement(BasePage.java:105)
at utils.BasePage.waitForElement(BasePage.java:26)
at utils.BasePage.moveToElement(BasePage.java:105)
at utils.BasePage.waitForElement(BasePage.java:26)
at utils.BasePage.moveToElement(BasePage.java:105)
at utils.BasePage.waitForElement(BasePage.java:26)
at utils.BasePage.moveToElement(BasePage.java:105)
at utils.BasePage.waitForElement(BasePage.java:26)
at utils.BasePage.moveToElement(BasePage.java:105)
at utils.BasePage.waitForElement(BasePage.java:26)
at utils.BasePage.moveToElement(BasePage.java:105)
at utils.BasePage.waitForElement(BasePage.java:26)
at utils.BasePage.moveToElement(BasePage.java:105)
at utils.BasePage.waitForElement(BasePage.java:26)
at utils.BasePage.moveToElement(BasePage.java:105)
at utils.BasePage.waitForElement(BasePage.java:26)
at utils.BasePage.moveToElement(BasePage.java:105)
at utils.BasePage.waitForElement(BasePage.java:26)
at utils.BasePage.moveToElement(BasePage.java:105)
at utils.BasePage.waitForElement(BasePage.java:26)
at utils.BasePage.moveToElement(BasePage.java:105)
at utils.BasePage.waitForElement(BasePage.java:26)
at utils.BasePage.moveToElement(BasePage.java:105)
at utils.BasePage.waitForElement(BasePage.java:26)
at utils.BasePage.moveToElement(BasePage.java:105)
at utils.BasePage.waitForElement(BasePage.java:26)
at utils.BasePage.moveToElement(BasePage.java:105)
at utils.BasePage.waitForElement(BasePage.java:26)
at utils.BasePage.moveToElement(BasePage.java:105)
at utils.BasePage.waitForElement(BasePage.java:26)
at utils.BasePage.moveToElement(BasePage.java:105)
at utils.BasePage.waitForElement(BasePage.java:26)
at utils.BasePage.moveToElement(BasePage.java:105)
at utils.BasePage.waitForElement(BasePage.java:26)
at utils.BasePage.moveToElement(BasePage.java:105)
at utils.BasePage.waitForElement(BasePage.java:26)
at utils.BasePage.moveToElement(BasePage.java:105)
at utils.BasePage.waitForElement(BasePage.java:26)
at utils.BasePage.moveToElement(BasePage.java:105)
at utils.BasePage.waitForElement(BasePage.java:26)
at utils.BasePage.moveToElement(BasePage.java:105)
at utils.BasePage.waitForElement(BasePage.java:26)
at utils.BasePage.moveToElement(BasePage.java:105)
at utils.BasePage.waitForElement(BasePage.java:26)
at utils.BasePage.moveToElement(BasePage.java:105)
at utils.BasePage.waitForElement(BasePage.java:26)
at utils.BasePage.moveToElement(BasePage.java:105)
at utils.BasePage.waitForElement(BasePage.java:26)
at utils.BasePage.moveToElement(BasePage.java:105)
at utils.BasePage.waitForElement(BasePage.java:26)
at utils.BasePage.moveToElement(BasePage.java:105)
at utils.BasePage.waitForElement(BasePage.java:26)
at utils.BasePage.moveToElement(BasePage.java:105)
at utils.BasePage.waitForElement(BasePage.java:26)
at utils.BasePage.moveToElement(BasePage.java:105)
at utils.BasePage.waitForElement(BasePage.java:26)
at utils.BasePage.moveToElement(BasePage.java:105)
at utils.BasePage.waitForElement(BasePage.java:26)
at utils.BasePage.moveToElement(BasePage.java:105)
at utils.BasePage.waitForElement(BasePage.java:26)
at utils.BasePage.moveToElement(BasePage.java:105)
at utils.BasePage.waitForElement(BasePage.java:26)
at utils.BasePage.moveToElement(BasePage.java:105)
at utils.BasePage.waitForElement(BasePage.java:26)
at utils.BasePage.moveToElement(BasePage.java:105)
at utils.BasePage.waitForElement(BasePage.java:26)
at utils.BasePage.moveToElement(BasePage.java:105)
at utils.BasePage.waitForElement(BasePage.java:26)
at utils.BasePage.moveToElement(BasePage.java:105)
at utils.BasePage.waitForElement(BasePage.java:26)
at utils.BasePage.moveToElement(BasePage.java:105)
at utils.BasePage.waitForElement(BasePage.java:26)
at utils.BasePage.moveToElement(BasePage.java:105)
at utils.BasePage.waitForElement(BasePage.java:26)
at utils.BasePage.moveToElement(BasePage.java:105)
at utils.BasePage.waitForElement(BasePage.java:26)
at utils.BasePage.moveToElement(BasePage.java:105)
at utils.BasePage.waitForElement(BasePage.java:26)
at utils.BasePage.moveToElement(BasePage.java:105)
at utils.BasePage.waitForElement(BasePage.java:26)
at utils.BasePage.moveToElement(BasePage.java:105)
at utils.BasePage.waitForElement(BasePage.java:26)
at utils.BasePage.moveToElement(BasePage.java:105)
at utils.BasePage.waitForElement(BasePage.java:26)
at utils.BasePage.moveToElement(BasePage.java:105)
at utils.BasePage.waitForElement(BasePage.java:26)
at utils.BasePage.moveToElement(BasePage.java:105)
at utils.BasePage.waitForElement(BasePage.java:26)
at utils.BasePage.moveToElement(BasePage.java:105)
at utils.BasePage.waitForElement(BasePage.java:26)
at utils.BasePage.moveToElement(BasePage.java:105)
at utils.BasePage.waitForElement(BasePage.java:26)
at utils.BasePage.moveToElement(BasePage.java:105)
at utils.BasePage.waitForElement(BasePage.java:26)
at utils.BasePage.moveToElement(BasePage.java:105)
at utils.BasePage.waitForElement(BasePage.java:26)
at utils.BasePage.moveToElement(BasePage.java:105)
at utils.BasePage.waitForElement(BasePage.java:26)
at utils.BasePage.moveToElement(BasePage.java:105)
at utils.BasePage.waitForElement(BasePage.java:26)
at utils.BasePage.moveToElement(BasePage.java:105)
at utils.BasePage.waitForElement(BasePage.java:26)
at utils.BasePage.moveToElement(BasePage.java:105)
at utils.BasePage.waitForElement(BasePage.java:26)
at utils.BasePage.moveToElement(BasePage.java:105)
at utils.BasePage.waitForElement(BasePage.java:26)
at utils.BasePage.moveToElement(BasePage.java:105)
at utils.BasePage.waitForElement(BasePage.java:26)
at utils.BasePage.moveToElement(BasePage.java:105)
at utils.BasePage.waitForElement(BasePage.java:26)
at utils.BasePage.moveToElement(BasePage.java:105)
at utils.BasePage.waitForElement(BasePage.java:26)
at utils.BasePage.moveToElement(BasePage.java:105)
at utils.BasePage.waitForElement(BasePage.java:26)
at utils.BasePage.moveToElement(BasePage.java:105)
at utils.BasePage.waitForElement(BasePage.java:26)
at utils.BasePage.moveToElement(BasePage.java:105)
at utils.BasePage.waitForElement(BasePage.java:26)
at utils.BasePage.moveToElement(BasePage.java:105)
at utils.BasePage.waitForElement(BasePage.java:26)
at utils.BasePage.moveToElement(BasePage.java:105)
at utils.BasePage.waitForElement(BasePage.java:26)
at utils.BasePage.moveToElement(BasePage.java:105)
at utils.BasePage.waitForElement(BasePage.java:26)
at utils.BasePage.moveToElement(BasePage.java:105)
at utils.BasePage.waitForElement(BasePage.java:26)
at utils.BasePage.moveToElement(BasePage.java:105)
at utils.BasePage.waitForElement(BasePage.java:26)
at utils.BasePage.moveToElement(BasePage.java:105)
at utils.BasePage.waitForElement(BasePage.java:26)
at utils.BasePage.moveToElement(BasePage.java:105)
at utils.BasePage.waitForElement(BasePage.java:26)
at utils.BasePage.moveToElement(BasePage.java:105)
at utils.BasePage.waitForElement(BasePage.java:26)
at utils.BasePage.moveToElement(BasePage.java:105)
at utils.BasePage.waitForElement(BasePage.java:26)
at utils.BasePage.moveToElement(BasePage.java:105)
at utils.BasePage.waitForElement(BasePage.java:26)
at utils.BasePage.moveToElement(BasePage.java:105)
at utils.BasePage.waitForElement(BasePage.java:26)
at utils.BasePage.moveToElement(BasePage.java:105)
at utils.BasePage.waitForElement(BasePage.java:26)
at utils.BasePage.moveToElement(BasePage.java:105)
at utils.BasePage.waitForElement(BasePage.java:26)
at utils.BasePage.moveToElement(BasePage.java:105)
at utils.BasePage.waitForElement(BasePage.java:26)
at utils.BasePage.moveToElement(BasePage.java:105)
at utils.BasePage.waitForElement(BasePage.java:26)
at utils.BasePage.moveToElement(BasePage.java:105)
at utils.BasePage.waitForElement(BasePage.java:26)
at utils.BasePage.moveToElement(BasePage.java:105)
at utils.BasePage.waitForElement(BasePage.java:26)
at utils.BasePage.moveToElement(BasePage.java:105)
at utils.BasePage.waitForElement(BasePage.java:26)
at utils.BasePage.moveToElement(BasePage.java:105)
at utils.BasePage.waitForElement(BasePage.java:26)
at utils.BasePage.moveToElement(BasePage.java:105)
at utils.BasePage.waitForElement(BasePage.java:26)
at utils.BasePage.moveToElement(BasePage.java:105)
at utils.BasePage.waitForElement(BasePage.java:26)
at utils.BasePage.moveToElement(BasePage.java:105)
at utils.BasePage.waitForElement(BasePage.java:26)
at utils.BasePage.moveToElement(BasePage.java:105)
at utils.BasePage.waitForElement(BasePage.java:26)
at utils.BasePage.moveToElement(BasePage.java:105)
at utils.BasePage.waitForElement(BasePage.java:26)
at utils.BasePage.moveToElement(BasePage.java:105)
at utils.BasePage.waitForElement(BasePage.java:26)
at utils.BasePage.moveToElement(BasePage.java:105)
at utils.BasePage.waitForElement(BasePage.java:26)
at utils.BasePage.moveToElement(BasePage.java:105)
at utils.BasePage.waitForElement(BasePage.java:26)
at utils.BasePage.moveToElement(BasePage.java:105)
at utils.BasePage.waitForElement(BasePage.java:26)
at utils.BasePage.moveToElement(BasePage.java:105)
at utils.BasePage.waitForElement(BasePage.java:26)
at utils.BasePage.moveToElement(BasePage.java:105)
at utils.BasePage.waitForElement(BasePage.java:26)
at utils.BasePage.moveToElement(BasePage.java:105)
at utils.BasePage.waitForElement(BasePage.java:26)
at utils.BasePage.moveToElement(BasePage.java:105)
at utils.BasePage.waitForElement(BasePage.java:26)
at utils.BasePage.moveToElement(BasePage.java:105)
at utils.BasePage.waitForElement(BasePage.java:26)
at utils.BasePage.moveToElement(BasePage.java:105)
at utils.BasePage.waitForElement(BasePage.java:26)
at utils.BasePage.moveToElement(BasePage.java:105)
at utils.BasePage.waitForElement(BasePage.java:26)
at utils.BasePage.moveToElement(BasePage.java:105)
at utils.BasePage.waitForElement(BasePage.java:26)
at utils.BasePage.moveToElement(BasePage.java:105)
at utils.BasePage.waitForElement(BasePage.java:26)
at utils.BasePage.moveToElement(BasePage.java:105)
at utils.BasePage.waitForElement(BasePage.java:26)
at utils.BasePage.moveToElement(BasePage.java:105)
at utils.BasePage.waitForElement(BasePage.java:26)
at utils.BasePage.moveToElement(BasePage.java:105)
at utils.BasePage.waitForElement(BasePage.java:26)
at utils.BasePage.moveToElement(BasePage.java:105)
at utils.BasePage.waitForElement(BasePage.java:26)
at utils.BasePage.moveToElement(BasePage.java:105)
at utils.BasePage.waitForElement(BasePage.java:26)
at utils.BasePage.moveToElement(BasePage.java:105)
at utils.BasePage.waitForElement(BasePage.java:26)
at utils.BasePage.moveToElement(BasePage.java:105)
at utils.BasePage.waitForElement(BasePage.java:26)
at utils.BasePage.moveToElement(BasePage.java:105)
at utils.BasePage.waitForElement(BasePage.java:26)
at utils.BasePage.moveToElement(BasePage.java:105)
at utils.BasePage.waitForElement(BasePage.java:26)
at utils.BasePage.moveToElement(BasePage.java:105)
at utils.BasePage.waitForElement(BasePage.java:26)
at utils.BasePage.moveToElement(BasePage.java:105)
at utils.BasePage.waitForElement(BasePage.java:26)
at utils.BasePage.moveToElement(BasePage.java:105)
at utils.BasePage.waitForElement(BasePage.java:26)
at utils.BasePage.moveToElement(BasePage.java:105)
at utils.BasePage.waitForElement(BasePage.java:26)
at utils.BasePage.moveToElement(BasePage.java:105)
at utils.BasePage.waitForElement(BasePage.java:26)
at utils.BasePage.moveToElement(BasePage.java:105)
at utils.BasePage.waitForElement(BasePage.java:26)
at utils.BasePage.moveToElement(BasePage.java:105)
at utils.BasePage.waitForElement(BasePage.java:26)
at utils.BasePage.moveToElement(BasePage.java:105)
at utils.BasePage.waitForElement(BasePage.java:26)
at utils.BasePage.moveToElement(BasePage.java:105)
at utils.BasePage.waitForElement(BasePage.java:26)
at utils.BasePage.moveToElement(BasePage.java:105)
at utils.BasePage.waitForElement(BasePage.java:26)
at utils.BasePage.moveToElement(BasePage.java:105)
at utils.BasePage.waitForElement(BasePage.java:26)
at utils.BasePage.moveToElement(BasePage.java:105)
at utils.BasePage.waitForElement(BasePage.java:26)
at utils.BasePage.moveToElement(BasePage.java:105)
at utils.BasePage.waitForElement(BasePage.java:26)
at utils.BasePage.moveToElement(BasePage.java:105)
at utils.BasePage.waitForElement(BasePage.java:26)
at utils.BasePage.moveToElement(BasePage.java:105)
at utils.BasePage.waitForElement(BasePage.java:26)
at utils.BasePage.moveToElement(BasePage.java:105)
at utils.BasePage.waitForElement(BasePage.java:26)
at utils.BasePage.moveToElement(BasePage.java:105)
at utils.BasePage.waitForElement(BasePage.java:26)
at utils.BasePage.moveToElement(BasePage.java:105)
at utils.BasePage.waitForElement(BasePage.java:26)
at utils.BasePage.moveToElement(BasePage.java:105)
at utils.BasePage.waitForElement(BasePage.java:26)
at utils.BasePage.moveToElement(BasePage.java:105)
at utils.BasePage.waitForElement(BasePage.java:26)
at utils.BasePage.moveToElement(BasePage.java:105)
at utils.BasePage.waitForElement(BasePage.java:26)
at utils.BasePage.moveToElement(BasePage.java:105)
at utils.BasePage.waitForElement(BasePage.java:26)
at utils.BasePage.moveToElement(BasePage.java:105)
at utils.BasePage.waitForElement(BasePage.java:26)
at utils.BasePage.moveToElement(BasePage.java:105)
at utils.BasePage.waitForElement(BasePage.java:26)
at utils.BasePage.moveToElement(BasePage.java:105)
at utils.BasePage.waitForElement(BasePage.java:26)
at utils.BasePage.moveToElement(BasePage.java:105)
at utils.BasePage.waitForElement(BasePage.java:26)
at utils.BasePage.moveToElement(BasePage.java:105)
at utils.BasePage.waitForElement(BasePage.java:26)
at utils.BasePage.moveToElement(BasePage.java:105)
at utils.BasePage.waitForElement(BasePage.java:26)
at utils.BasePage.moveToElement(BasePage.java:105)
at utils.BasePage.waitForElement(BasePage.java:26)
at utils.BasePage.moveToElement(BasePage.java:105)
at utils.BasePage.waitForElement(BasePage.java:26)
at utils.BasePage.moveToElement(BasePage.java:105)
at utils.BasePage.waitForElement(BasePage.java:26)
at utils.BasePage.moveToElement(BasePage.java:105)
at utils.BasePage.waitForElement(BasePage.java:26)
at utils.BasePage.moveToElement(BasePage.java:105)
at utils.BasePage.waitForElement(BasePage.java:26)
at utils.BasePage.moveToElement(BasePage.java:105)
at utils.BasePage.waitForElement(BasePage.java:26)
at utils.BasePage.moveToElement(BasePage.java:105)
at utils.BasePage.waitForElement(BasePage.java:26)
at utils.BasePage.moveToElement(BasePage.java:105)
at utils.BasePage.waitForElement(BasePage.java:26)
at utils.BasePage.moveToElement(BasePage.java:105)
at utils.BasePage.waitForElement(BasePage.java:26)
at utils.BasePage.moveToElement(BasePage.java:105)
at utils.BasePage.waitForElement(BasePage.java:26)
at utils.BasePage.moveToElement(BasePage.java:105)
at utils.BasePage.waitForElement(BasePage.java:26)
at utils.BasePage.moveToElement(BasePage.java:105)
at utils.BasePage.waitForElement(BasePage.java:26)
at utils.BasePage.moveToElement(BasePage.java:105)
at utils.BasePage.waitForElement(BasePage.java:26)
at utils.BasePage.moveToElement(BasePage.java:105)
at utils.BasePage.waitForElement(BasePage.java:26)
at utils.BasePage.moveToElement(BasePage.java:105)
at utils.BasePage.waitForElement(BasePage.java:26)
at utils.BasePage.moveToElement(BasePage.java:105)
at utils.BasePage.waitForElement(BasePage.java:26)
at utils.BasePage.moveToElement(BasePage.java:105)
at utils.BasePage.waitForElement(BasePage.java:26)
at utils.BasePage.moveToElement(BasePage.java:105)
at utils.BasePage.waitForElement(BasePage.java:26)
at utils.BasePage.moveToElement(BasePage.java:105)
at utils.BasePage.waitForElement(BasePage.java:26)
at utils.BasePage.moveToElement(BasePage.java:105)
at utils.BasePage.waitForElement(BasePage.java:26)
at utils.BasePage.moveToElement(BasePage.java:105)
at utils.BasePage.waitForElement(BasePage.java:26)
at utils.BasePage.moveToElement(BasePage.java:105)
at utils.BasePage.waitForElement(BasePage.java:26)
at utils.BasePage.moveToElement(BasePage.java:105)
at utils.BasePage.waitForElement(BasePage.java:26)
at utils.BasePage.moveToElement(BasePage.java:105)
at utils.BasePage.waitForElement(BasePage.java:26)
at utils.BasePage.moveToElement(BasePage.java:105)
at utils.BasePage.waitForElement(BasePage.java:26)
at utils.BasePage.moveToElement(BasePage.java:105)
at utils.BasePage.waitForElement(BasePage.java:26)
at utils.BasePage.moveToElement(BasePage.java:105)
at utils.BasePage.waitForElement(BasePage.java:26)
at utils.BasePage.moveToElement(BasePage.java:105)
at utils.BasePage.waitForElement(BasePage.java:26)
at utils.BasePage.moveToElement(BasePage.java:105)
at utils.BasePage.waitForElement(BasePage.java:26)
at utils.BasePage.moveToElement(BasePage.java:105)
at utils.BasePage.waitForElement(BasePage.java:26)
at utils.BasePage.moveToElement(BasePage.java:105)
at utils.BasePage.waitForElement(BasePage.java:26)
at utils.BasePage.moveToElement(BasePage.java:105)
at utils.BasePage.waitForElement(BasePage.java:26)
at utils.BasePage.moveToElement(BasePage.java:105)
at utils.BasePage.waitForElement(BasePage.java:26)
at utils.BasePage.moveToElement(BasePage.java:105)
at utils.BasePage.waitForElement(BasePage.java:26)
at utils.BasePage.moveToElement(BasePage.java:105)
at utils.BasePage.waitForElement(BasePage.java:26)
at utils.BasePage.moveToElement(BasePage.java:105)
at utils.BasePage.waitForElement(BasePage.java:26)
at utils.BasePage.moveToElement(BasePage.java:105)
at utils.BasePage.waitForElement(BasePage.java:26)
at utils.BasePage.moveToElement(BasePage.java:105)
at utils.BasePage.waitForElement(BasePage.java:26)
at utils.BasePage.moveToElement(BasePage.java:105)
at utils.BasePage.waitForElement(BasePage.java:26)
at utils.BasePage.moveToElement(BasePage.java:105)
at utils.BasePage.waitForElement(BasePage.java:26)
at utils.BasePage.moveToElement(BasePage.java:105)
at utils.BasePage.waitForElement(BasePage.java:26)
at utils.BasePage.moveToElement(BasePage.java:105)
at utils.BasePage.waitForElement(BasePage.java:26)
at utils.BasePage.moveToElement(BasePage.java:105)
at utils.BasePage.waitForElement(BasePage.java:26)
at utils.BasePage.moveToElement(BasePage.java:105)
at utils.BasePage.waitForElement(BasePage.java:26)
at utils.BasePage.moveToElement(BasePage.java:105)
at utils.BasePage.waitForElement(BasePage.java:26)
at utils.BasePage.moveToElement(BasePage.java:105)
at utils.BasePage.waitForElement(BasePage.java:26)
at utils.BasePage.moveToElement(BasePage.java:105)
at utils.BasePage.waitForElement(BasePage.java:26)
at utils.BasePage.moveToElement(BasePage.java:105)
at utils.BasePage.waitForElement(BasePage.java:26)
at utils.BasePage.moveToElement(BasePage.java:105)
at utils.BasePage.waitForElement(BasePage.java:26)
at utils.BasePage.moveToElement(BasePage.java:105)
at utils.BasePage.waitForElement(BasePage.java:26)
at utils.BasePage.moveToElement(BasePage.java:105)
at utils.BasePage.waitForElement(BasePage.java:26)
at utils.BasePage.moveToElement(BasePage.java:105)
at utils.BasePage.waitForElement(BasePage.java:26)
at utils.BasePage.moveToElement(BasePage.java:105)
at utils.BasePage.waitForElement(BasePage.java:26)
at utils.BasePage.moveToElement(BasePage.java:105)
at utils.BasePage.waitForElement(BasePage.java:26)
at utils.BasePage.moveToElement(BasePage.java:105)
at utils.BasePage.waitForElement(BasePage.java:26)
at utils.BasePage.moveToElement(BasePage.java:105)
at utils.BasePage.waitForElement(BasePage.java:26)
at utils.BasePage.moveToElement(BasePage.java:105)
at utils.BasePage.waitForElement(BasePage.java:26)
at utils.BasePage.moveToElement(BasePage.java:105)
at utils.BasePage.waitForElement(BasePage.java:26)
at utils.BasePage.moveToElement(BasePage.java:105)
at utils.BasePage.waitForElement(BasePage.java:26)
at utils.BasePage.moveToElement(BasePage.java:105)
at utils.BasePage.waitForElement(BasePage.java:26)
at utils.BasePage.moveToElement(BasePage.java:105)
at utils.BasePage.waitForElement(BasePage.java:26)
at utils.BasePage.moveToElement(BasePage.java:105)
at utils.BasePage.waitForElement(BasePage.java:26)
at utils.BasePage.moveToElement(BasePage.java:105)
at utils.BasePage.waitForElement(BasePage.java:26)
at utils.BasePage.moveToElement(BasePage.java:105)
at utils.BasePage.waitForElement(BasePage.java:26)
at utils.BasePage.moveToElement(BasePage.java:105)
at utils.BasePage.waitForElement(BasePage.java:26)
at utils.BasePage.moveToElement(BasePage.java:105)
at utils.BasePage.waitForElement(BasePage.java:26)
at utils.BasePage.moveToElement(BasePage.java:105)
at utils.BasePage.waitForElement(BasePage.java:26)
at utils.BasePage.moveToElement(BasePage.java:105)
at utils.BasePage.waitForElement(BasePage.java:26)
at utils.BasePage.moveToElement(BasePage.java:105)
at utils.BasePage.waitForElement(BasePage.java:26)
at utils.BasePage.moveToElement(BasePage.java:105)
at utils.BasePage.waitForElement(BasePage.java:26)
at utils.BasePage.moveToElement(BasePage.java:105)
at utils.BasePage.waitForElement(BasePage.java:26)
at utils.BasePage.moveToElement(BasePage.java:105)
at utils.BasePage.waitForElement(BasePage.java:26)
at utils.BasePage.moveToElement(BasePage.java:105)
at utils.BasePage.waitForElement(BasePage.java:26)
at utils.BasePage.moveToElement(BasePage.java:105)
at utils.BasePage.waitForElement(BasePage.java:26)
at utils.BasePage.moveToElement(BasePage.java:105)
at utils.BasePage.waitForElement(BasePage.java:26)
at utils.BasePage.moveToElement(BasePage.java:105)
at utils.BasePage.waitForElement(BasePage.java:26)
at utils.BasePage.moveToElement(BasePage.java:105)
at utils.BasePage.waitForElement(BasePage.java:26)
at utils.BasePage.moveToElement(BasePage.java:105)
at utils.BasePage.waitForElement(BasePage.java:26)
at utils.BasePage.moveToElement(BasePage.java:105)
at utils.BasePage.waitForElement(BasePage.java:26)
at utils.BasePage.moveToElement(BasePage.java:105)
at utils.BasePage.waitForElement(BasePage.java:26)
at utils.BasePage.moveToElement(BasePage.java:105)
at utils.BasePage.waitForElement(BasePage.java:26)
at utils.BasePage.moveToElement(BasePage.java:105)
at utils.BasePage.waitForElement(BasePage.java:26)
at utils.BasePage.moveToElement(BasePage.java:105)
at utils.BasePage.waitForElement(BasePage.java:26)
at utils.BasePage.moveToElement(BasePage.java:105)
at utils.BasePage.waitForElement(BasePage.java:26)
at utils.BasePage.moveToElement(BasePage.java:105)
at utils.BasePage.waitForElement(BasePage.java:26)
at utils.BasePage.moveToElement(BasePage.java:105)
at utils.BasePage.waitForElement(BasePage.java:26)
at utils.BasePage.moveToElement(BasePage.java:105)
at utils.BasePage.waitForElement(BasePage.java:26)
at utils.BasePage.moveToElement(BasePage.java:105)
at utils.BasePage.waitForElement(BasePage.java:26)
at utils.BasePage.moveToElement(BasePage.java:105)
at utils.BasePage.waitForElement(BasePage.java:26)
at utils.BasePage.moveToElement(BasePage.java:105)
at utils.BasePage.waitForElement(BasePage.java:26)
at utils.BasePage.moveToElement(BasePage.java:105)
at utils.BasePage.waitForElement(BasePage.java:26)
at utils.BasePage.moveToElement(BasePage.java:105)
at utils.BasePage.waitForElement(BasePage.java:26)
at utils.BasePage.moveToElement(BasePage.java:105)
at utils.BasePage.waitForElement(BasePage.java:26)
at utils.BasePage.moveToElement(BasePage.java:105)
at utils.BasePage.waitForElement(BasePage.java:26)
at utils.BasePage.moveToElement(BasePage.java:105)
at utils.BasePage.waitForElement(BasePage.java:26)
at utils.BasePage.moveToElement(BasePage.java:105)
at utils.BasePage.waitForElement(BasePage.java:26)
at utils.BasePage.moveToElement(BasePage.java:105)
at utils.BasePage.waitForElement(BasePage.java:26)
at utils.BasePage.moveToElement(BasePage.java:105)
at utils.BasePage.waitForElement(BasePage.java:26)
at utils.BasePage.moveToElement(BasePage.java:105)
at utils.BasePage.waitForElement(BasePage.java:26)
at utils.BasePage.moveToElement(BasePage.java:105)
at utils.BasePage.waitForElement(BasePage.java:26)
at utils.BasePage.moveToElement(BasePage.java:105)
at utils.BasePage.waitForElement(BasePage.java:26)
at utils.BasePage.moveToElement(BasePage.java:105)
at utils.BasePage.waitForElement(BasePage.java:26)
at utils.BasePage.moveToElement(BasePage.java:105)
at utils.BasePage.waitForElement(BasePage.java:26)
at utils.BasePage.moveToElement(BasePage.java:105)
at utils.BasePage.waitForElement(BasePage.java:26)
at utils.BasePage.moveToElement(BasePage.java:105)
at utils.BasePage.waitForElement(BasePage.java:26)
at utils.BasePage.moveToElement(BasePage.java:105)
at utils.BasePage.waitForElement(BasePage.java:26)
at utils.BasePage.moveToElement(BasePage.java:105)
at utils.BasePage.waitForElement(BasePage.java:26)
at utils.BasePage.moveToElement(BasePage.java:105)
at utils.BasePage.waitForElement(BasePage.java:26)
at utils.BasePage.moveToElement(BasePage.java:105)
at utils.BasePage.waitForElement(BasePage.java:26)
at utils.BasePage.moveToElement(BasePage.java:105)
at utils.BasePage.waitForElement(BasePage.java:26)
at utils.BasePage.moveToElement(BasePage.java:105)
at utils.BasePage.waitForElement(BasePage.java:26)
at utils.BasePage.moveToElement(BasePage.java:105)
at utils.BasePage.waitForElement(BasePage.java:26)
at utils.BasePage.moveToElement(BasePage.java:105)
at utils.BasePage.waitForElement(BasePage.java:26)
at utils.BasePage.moveToElement(BasePage.java:105)
at utils.BasePage.waitForElement(BasePage.java:26)
at utils.BasePage.moveToElement(BasePage.java:105)
at utils.BasePage.waitForElement(BasePage.java:26)
at utils.BasePage.moveToElement(BasePage.java:105)
at utils.BasePage.waitForElement(BasePage.java:26)
at utils.BasePage.moveToElement(BasePage.java:105)
at utils.BasePage.waitForElement(BasePage.java:26)
at utils.BasePage.moveToElement(BasePage.java:105)
at utils.BasePage.waitForElement(BasePage.java:26)
at utils.BasePage.moveToElement(BasePage.java:105)
at utils.BasePage.waitForElement(BasePage.java:26)
at utils.BasePage.moveToElement(BasePage.java:105)
at utils.BasePage.waitForElement(BasePage.java:26)
at utils.BasePage.moveToElement(BasePage.java:105)
at utils.BasePage.waitForElement(BasePage.java:26)
at utils.BasePage.moveToElement(BasePage.java:105)
at utils.BasePage.waitForElement(BasePage.java:26)
at utils.BasePage.moveToElement(BasePage.java:105)
at utils.BasePage.waitForElement(BasePage.java:26)
at utils.BasePage.moveToElement(BasePage.java:105)
at utils.BasePage.waitForElement(BasePage.java:26)
at utils.BasePage.moveToElement(BasePage.java:105)
at utils.BasePage.waitForElement(BasePage.java:26)
at utils.BasePage.moveToElement(BasePage.java:105)
at utils.BasePage.waitForElement(BasePage.java:26)
at utils.BasePage.moveToElement(BasePage.java:105)
at utils.BasePage.waitForElement(BasePage.java:26)
at utils.BasePage.moveToElement(BasePage.java:105)
at utils.BasePage.waitForElement(BasePage.java:26)
at utils.BasePage.moveToElement(BasePage.java:105)
at utils.BasePage.waitForElement(BasePage.java:26)
at utils.BasePage.moveToElement(BasePage.java:105)
at utils.BasePage.waitForElement(BasePage.java:26)
at utils.BasePage.moveToElement(BasePage.java:105)
at utils.BasePage.waitForElement(BasePage.java:26)
at utils.BasePage.moveToElement(BasePage.java:105)
at utils.BasePage.waitForElement(BasePage.java:26)
at utils.BasePage.moveToElement(BasePage.java:105)
at utils.BasePage.waitForElement(BasePage.java:26)
at utils.BasePage.moveToElement(BasePage.java:105)
at utils.BasePage.waitForElement(BasePage.java:26)
at utils.BasePage.moveToElement(BasePage.java:105)
at utils.BasePage.waitForElement(BasePage.java:26)
at utils.BasePage.moveToElement(BasePage.java:105)
at utils.BasePage.waitForElement(BasePage.java:26)
at utils.BasePage.moveToElement(BasePage.java:105)
at utils.BasePage.waitForElement(BasePage.java:26)
at utils.BasePage.moveToElement(BasePage.java:105)
at utils.BasePage.waitForElement(BasePage.java:26)
at utils.BasePage.moveToElement(BasePage.java:105)
at utils.BasePage.waitForElement(BasePage.java:26)
at utils.BasePage.moveToElement(BasePage.java:105)
at utils.BasePage.waitForElement(BasePage.java:26)
at utils.BasePage.moveToElement(BasePage.java:105)
at utils.BasePage.waitForElement(BasePage.java:26)
at utils.BasePage.moveToElement(BasePage.java:105)
at utils.BasePage.waitForElement(BasePage.java:26)
at utils.BasePage.moveToElement(BasePage.java:105)
at utils.BasePage.waitForElement(BasePage.java:26)
at utils.BasePage.moveToElement(BasePage.java:105)
at utils.BasePage.waitForElement(BasePage.java:26)
at utils.BasePage.moveToElement(BasePage.java:105)
at utils.BasePage.waitForElement(BasePage.java:26)
at utils.BasePage.moveToElement(BasePage.java:105)
at utils.BasePage.waitForElement(BasePage.java:26)
at utils.BasePage.moveToElement(BasePage.java:105)
at utils.BasePage.waitForElement(BasePage.java:26)
at utils.BasePage.moveToElement(BasePage.java:105)
at utils.BasePage.waitForElement(BasePage.java:26)
at utils.BasePage.moveToElement(BasePage.java:105)
at utils.BasePage.waitForElement(BasePage.java:26)
at utils.BasePage.moveToElement(BasePage.java:105)
at utils.BasePage.waitForElement(BasePage.java:26)
at utils.BasePage.moveToElement(BasePage.java:105)
at utils.BasePage.waitForElement(BasePage.java:26)
at utils.BasePage.moveToElement(BasePage.java:105)
at utils.BasePage.waitForElement(BasePage.java:26)
at utils.BasePage.moveToElement(BasePage.java:105)
at utils.BasePage.waitForElement(BasePage.java:26)
at utils.BasePage.moveToElement(BasePage.java:105)
at utils.BasePage.waitForElement(BasePage.java:26)
at utils.BasePage.moveToElement(BasePage.java:105)
at utils.BasePage.waitForElement(BasePage.java:26)
at utils.BasePage.moveToElement(BasePage.java:105)
at utils.BasePage.waitForElement(BasePage.java:26)
at utils.BasePage.moveToElement(BasePage.java:105)
at utils.BasePage.waitForElement(BasePage.java:26)
at utils.BasePage.moveToElement(BasePage.java:105)
at utils.BasePage.waitForElement(BasePage.java:26)
at utils.BasePage.moveToElement(BasePage.java:105)
at utils.BasePage.waitForElement(BasePage.java:26)
at utils.BasePage.moveToElement(BasePage.java:105)
at utils.BasePage.waitForElement(BasePage.java:26)
at utils.BasePage.moveToElement(BasePage.java:105)
at utils.BasePage.waitForElement(BasePage.java:26)
at utils.BasePage.moveToElement(BasePage.java:105)
at utils.BasePage.waitForElement(BasePage.java:26)
at utils.BasePage.moveToElement(BasePage.java:105)
at utils.BasePage.waitForElement(BasePage.java:26)
at utils.BasePage.moveToElement(BasePage.java:105)
at utils.BasePage.waitForElement(BasePage.java:26)
at utils.BasePage.moveToElement(BasePage.java:105)
at utils.BasePage.waitForElement(BasePage.java:26)
at utils.BasePage.moveToElement(BasePage.java:105)
at utils.BasePage.waitForElement(BasePage.java:26)
at utils.BasePage.moveToElement(BasePage.java:105)
at utils.BasePage.waitForElement(BasePage.java:26)
at utils.BasePage.moveToElement(BasePage.java:105)
at utils.BasePage.waitForElement(BasePage.java:26)
at utils.BasePage.moveToElement(BasePage.java:105)
at utils.BasePage.waitForElement(BasePage.java:26)
at utils.BasePage.moveToElement(BasePage.java:105)
at utils.BasePage.waitForElement(BasePage.java:26)
at utils.BasePage.moveToElement(BasePage.java:105)
at utils.BasePage.waitForElement(BasePage.java:26)
at utils.BasePage.moveToElement(BasePage.java:105)
at utils.BasePage.waitForElement(BasePage.java:26)
at utils.BasePage.moveToElement(BasePage.java:105)
at utils.BasePage.waitForElement(BasePage.java:26)
at utils.BasePage.moveToElement(BasePage.java:105)
at utils.BasePage.waitForElement(BasePage.java:26)
at utils.BasePage.moveToElement(BasePage.java:105)
at utils.BasePage.waitForElement(BasePage.java:26)
at utils.BasePage.moveToElement(BasePage.java:105)
at utils.BasePage.waitForElement(BasePage.java:26)
at utils.BasePage.moveToElement(BasePage.java:105)
at utils.BasePage.waitForElement(BasePage.java:26)
at utils.BasePage.moveToElement(BasePage.java:105)
at utils.BasePage.waitForElement(BasePage.java:26)
at utils.BasePage.moveToElement(BasePage.java:105)
at utils.BasePage.waitForElement(BasePage.java:26)
at utils.BasePage.moveToElement(BasePage.java:105)
at utils.BasePage.waitForElement(BasePage.java:26)
at utils.BasePage.moveToElement(BasePage.java:105)
at utils.BasePage.waitForElement(BasePage.java:26)
at utils.BasePage.moveToElement(BasePage.java:105)
at utils.BasePage.waitForElement(BasePage.java:26)
at utils.BasePage.moveToElement(BasePage.java:105)
at utils.BasePage.waitForElement(BasePage.java:26)
at utils.BasePage.moveToElement(BasePage.java:105)
at utils.BasePage.waitForElement(BasePage.java:26)
at utils.BasePage.moveToElement(BasePage.java:105)
at utils.BasePage.waitForElement(BasePage.java:26)
at utils.BasePage.moveToElement(BasePage.java:105)
at utils.BasePage.waitForElement(BasePage.java:26)
at utils.BasePage.moveToElement(BasePage.java:105)
at utils.BasePage.waitForElement(BasePage.java:26)
at utils.BasePage.moveToElement(BasePage.java:105)
at utils.BasePage.waitForElement(BasePage.java:26)
at utils.BasePage.moveToElement(BasePage.java:105)
at utils.BasePage.waitForElement(BasePage.java:26)
at utils.BasePage.moveToElement(BasePage.java:105)
at utils.BasePage.waitForElement(BasePage.java:26)
at utils.BasePage.moveToElement(BasePage.java:105)
at utils.BasePage.waitForElement(BasePage.java:26)
at utils.BasePage.moveToElement(BasePage.java:105)
at utils.BasePage.waitForElement(BasePage.java:26)
at utils.BasePage.moveToElement(BasePage.java:105)
at utils.BasePage.waitForElement(BasePage.java:26)
at utils.BasePage.moveToElement(BasePage.java:105)
at utils.BasePage.waitForElement(BasePage.java:26)
at utils.BasePage.moveToElement(BasePage.java:105)
at utils.BasePage.waitForElement(BasePage.java:26)
at utils.BasePage.moveToElement(BasePage.java:105)
at utils.BasePage.waitForElement(BasePage.java:26)
at utils.BasePage.moveToElement(BasePage.java:105)
at utils.BasePage.waitForElement(BasePage.java:26)
at utils.BasePage.moveToElement(BasePage.java:105)
at utils.BasePage.waitForElement(BasePage.java:26)
at utils.BasePage.moveToElement(BasePage.java:105)
at utils.BasePage.waitForElement(BasePage.java:26)
at utils.BasePage.moveToElement(BasePage.java:105)
at utils.BasePage.waitForElement(BasePage.java:26)
at utils.BasePage.moveToElement(BasePage.java:105)
at utils.BasePage.waitForElement(BasePage.java:26)
at utils.BasePage.moveToElement(BasePage.java:105)
at utils.BasePage.waitForElement(BasePage.java:26)
at utils.BasePage.moveToElement(BasePage.java:105)
at utils.BasePage.waitForElement(BasePage.java:26)
at utils.BasePage.moveToElement(BasePage.java:105)
at utils.BasePage.waitForElement(BasePage.java:26)
at utils.BasePage.moveToElement(BasePage.java:105)
at utils.BasePage.waitForElement(BasePage.java:26)
at utils.BasePage.moveToElement(BasePage.java:105)
at utils.BasePage.waitForElement(BasePage.java:26)
at utils.BasePage.moveToElement(BasePage.java:105)
at utils.BasePage.waitForElement(BasePage.java:26)
at utils.BasePage.moveToElement(BasePage.java:105)
at utils.BasePage.waitForElement(BasePage.java:26)
at utils.BasePage.moveToElement(BasePage.java:105)
at utils.BasePage.waitForElement(BasePage.java:26)
at utils.BasePage.moveToElement(BasePage.java:105)
at utils.BasePage.waitForElement(BasePage.java:26)
at utils.BasePage.moveToElement(BasePage.java:105)
at utils.BasePage.waitForElement(BasePage.java:26)
at utils.BasePage.moveToElement(BasePage.java:105)
at utils.BasePage.waitForElement(BasePage.java:26)
at utils.BasePage.moveToElement(BasePage.java:105)
at utils.BasePage.waitForElement(BasePage.java:26)
at utils.BasePage.moveToElement(BasePage.java:105)
at utils.BasePage.waitForElement(BasePage.java:26)
at utils.BasePage.moveToElement(BasePage.java:105)
at utils.BasePage.waitForElement(BasePage.java:26)
at utils.BasePage.moveToElement(BasePage.java:105)
at utils.BasePage.waitForElement(BasePage.java:26)
at utils.BasePage.moveToElement(BasePage.java:105)
at utils.BasePage.waitForElement(BasePage.java:26)
at utils.BasePage.moveToElement(BasePage.java:105)
at utils.BasePage.waitForElement(BasePage.java:26)
at utils.BasePage.moveToElement(BasePage.java:105)
at utils.BasePage.waitForElement(BasePage.java:26)
at utils.BasePage.moveToElement(BasePage.java:105)
at utils.BasePage.waitForElement(BasePage.java:26)
at utils.BasePage.moveToElement(BasePage.java:105)
at utils.BasePage.waitForElement(BasePage.java:26)
at utils.BasePage.moveToElement(BasePage.java:105)
at utils.BasePage.waitForElement(BasePage.java:26)
at utils.BasePage.moveToElement(BasePage.java:105)
at utils.BasePage.waitForElement(BasePage.java:26)
at utils.BasePage.moveToElement(BasePage.java:105)
at utils.BasePage.waitForElement(BasePage.java:26)
at utils.BasePage.moveToElement(BasePage.java:105)
at utils.BasePage.waitForElement(BasePage.java:26)
at utils.BasePage.moveToElement(BasePage.java:105)
at utils.BasePage.waitForElement(BasePage.java:26)
at utils.BasePage.moveToElement(BasePage.java:105)
at utils.BasePage.waitForElement(BasePage.java:26)
at utils.BasePage.moveToElement(BasePage.java:105)
at utils.BasePage.waitForElement(BasePage.java:26)
at utils.BasePage.moveToElement(BasePage.java:105)
at utils.BasePage.waitForElement(BasePage.java:26)
at utils.BasePage.moveToElement(BasePage.java:105)
at utils.BasePage.waitForElement(BasePage.java:26)
at utils.BasePage.moveToElement(BasePage.java:105)
at utils.BasePage.waitForElement(BasePage.java:26)
at utils.BasePage.moveToElement(BasePage.java:105)
at utils.BasePage.waitForElement(BasePage.java:26)
at utils.BasePage.moveToElement(BasePage.java:105)
at utils.BasePage.waitForElement(BasePage.java:26)
at utils.BasePage.moveToElement(BasePage.java:105)
at utils.BasePage.waitForElement(BasePage.java:26)
at utils.BasePage.moveToElement(BasePage.java:105)
at utils.BasePage.waitForElement(BasePage.java:26)
at utils.BasePage.moveToElement(BasePage.java:105)
at utils.BasePage.waitForElement(BasePage.java:26)
at utils.BasePage.moveToElement(BasePage.java:105)
at utils.BasePage.waitForElement(BasePage.java:26)
at utils.BasePage.moveToElement(BasePage.java:105)
at utils.BasePage.waitForElement(BasePage.java:26)
at utils.BasePage.moveToElement(BasePage.java:105)
at utils.BasePage.waitForElement(BasePage.java:26)
at utils.BasePage.moveToElement(BasePage.java:105)
at utils.BasePage.waitForElement(BasePage.java:26)
at utils.BasePage.moveToElement(BasePage.java:105)
at utils.BasePage.waitForElement(BasePage.java:26)
at utils.BasePage.moveToElement(BasePage.java:105)
at utils.BasePage.waitForElement(BasePage.java:26)
at utils.BasePage.moveToElement(BasePage.java:105)
at utils.BasePage.waitForElement(BasePage.java:26)
at utils.BasePage.moveToElement(BasePage.java:105)
at utils.BasePage.waitForElement(BasePage.java:26)
at utils.BasePage.moveToElement(BasePage.java:105)
at utils.BasePage.waitForElement(BasePage.java:26)
at utils.BasePage.moveToElement(BasePage.java:105)
at utils.BasePage.waitForElement(BasePage.java:26)
at utils.BasePage.moveToElement(BasePage.java:105)
at utils.BasePage.waitForElement(BasePage.java:26)
at utils.BasePage.moveToElement(BasePage.java:105)
at utils.BasePage.waitForElement(BasePage.java:26)
at utils.BasePage.moveToElement(BasePage.java:105)
at utils.BasePage.waitForElement(BasePage.java:26)
at utils.BasePage.moveToElement(BasePage.java:105)
at utils.BasePage.waitForElement(BasePage.java:26)
at utils.BasePage.moveToElement(BasePage.java:105)
at utils.BasePage.waitForElement(BasePage.java:26)
at utils.BasePage.moveToElement(BasePage.java:105)
at utils.BasePage.waitForElement(BasePage.java:26)
at utils.BasePage.moveToElement(BasePage.java:105)
at utils.BasePage.waitForElement(BasePage.java:26)
at utils.BasePage.moveToElement(BasePage.java:105)
at utils.BasePage.waitForElement(BasePage.java:26)
at utils.BasePage.moveToElement(BasePage.java:105)
at utils.BasePage.waitForElement(BasePage.java:26)
at utils.BasePage.moveToElement(BasePage.java:105)
at utils.BasePage.waitForElement(BasePage.java:26)
at utils.BasePage.moveToElement(BasePage.java:105)
at utils.BasePage.waitForElement(BasePage.java:26)
at utils.BasePage.moveToElement(BasePage.java:105)
at utils.BasePage.waitForElement(BasePage.java:26)
at utils.BasePage.moveToElement(BasePage.java:105)
at utils.BasePage.waitForElement(BasePage.java:26)
at utils.BasePage.moveToElement(BasePage.java:105)
at utils.BasePage.waitForElement(BasePage.java:26)
at utils.BasePage.moveToElement(BasePage.java:105)
at utils.BasePage.waitForElement(BasePage.java:26)
at utils.BasePage.moveToElement(BasePage.java:105)
at utils.BasePage.waitForElement(BasePage.java:26)
at utils.BasePage.moveToElement(BasePage.java:105)
at utils.BasePage.waitForElement(BasePage.java:26)
at utils.BasePage.moveToElement(BasePage.java:105)
at utils.BasePage.waitForElement(BasePage.java:26)
at utils.BasePage.moveToElement(BasePage.java:105)
at utils.BasePage.waitForElement(BasePage.java:26)
at utils.BasePage.moveToElement(BasePage.java:105)
at utils.BasePage.waitForElement(BasePage.java:26)
at utils.BasePage.moveToElement(BasePage.java:105)
at utils.BasePage.waitForElement(BasePage.java:26)
at utils.BasePage.moveToElement(BasePage.java:105)
at utils.BasePage.waitForElement(BasePage.java:26)
]]>
    </error>
  </testcase> <!-- register -->
</testsuite> <!-- tests.RegisterTest -->
